<?xml version="1.0" encoding="utf-8"?><testsuites name="pytest tests"><testsuite name="pytest" errors="0" failures="0" skipped="0" tests="10" time="1.656" timestamp="2026-04-21T06:32:31.468192+00:00" hostname="agent-env-d920ef3d-744a-43bb-ab7e-0711d56f246a"><testcase classname="test_reports.test_auth_api.TestAuthEndpoints" name="test_csrf_endpoint_returns_token" time="0.051" /><testcase classname="test_reports.test_auth_api.TestAuthEndpoints" name="test_providers_endpoint_returns_credentials" time="0.008" /><testcase classname="test_reports.test_auth_api.TestAuthEndpoints" name="test_session_endpoint_returns_null_when_not_logged_in" time="0.009" /><testcase classname="test_reports.test_auth_api.TestAdminLogin" name="test_admin_login_success" time="0.438" /><testcase classname="test_reports.test_auth_api.TestAdminLogin" name="test_admin_session_contains_required_fields" time="0.381" /><testcase classname="test_reports.test_auth_api.TestStudentLogin" name="test_student_login_success" time="0.330" /><testcase classname="test_reports.test_auth_api.TestInvalidLogin" name="test_invalid_credentials_returns_error" time="0.017" /><testcase classname="test_reports.test_auth_api.TestInvalidLogin" name="test_empty_credentials_returns_error" time="0.017" /><testcase classname="test_reports.test_auth_api.TestSeedEndpoint" name="test_seed_endpoint_works" time="0.324" /><testcase classname="test_reports.test_auth_api.TestKelasEndpoint" name="test_get_kelas_returns_list" time="0.008" /></testsuite></testsuites>